2025-03-04 13:55:02,504 - __main__ - INFO - Running on platform: Windows
2025-03-04 13:55:02,636 - __main__ - INFO - Loaded 200 transcriptions from C:\Users\danny\OneDrive\Documents\AI_Conversations\lucid-recall-dist\lucid-recall-dist\voice_core\whisper-finetune\data\train2.json
2025-03-04 13:55:02,656 - __main__ - INFO - Using device: cuda
2025-03-04 13:55:05,168 - __main__ - ERROR - Error during training: Transcriptions file not found: voice_samples\transcriptions.json
2025-03-04 13:55:40,022 - __main__ - INFO - Running on platform: Windows
2025-03-04 13:55:40,135 - __main__ - INFO - Loaded 200 transcriptions from C:\Users\danny\OneDrive\Documents\AI_Conversations\lucid-recall-dist\lucid-recall-dist\voice_core\whisper-finetune\data\train2.json
2025-03-04 13:55:40,156 - __main__ - INFO - Using device: cuda
2025-03-04 13:55:42,014 - __main__ - ERROR - Error during training: 'list' object has no attribute 'keys'
2025-03-04 13:56:20,430 - __main__ - INFO - Running on platform: Windows
2025-03-04 13:56:20,553 - __main__ - INFO - Loaded 200 transcriptions from C:\Users\danny\OneDrive\Documents\AI_Conversations\lucid-recall-dist\lucid-recall-dist\voice_core\whisper-finetune\data\train2.json
2025-03-04 13:56:20,571 - __main__ - INFO - Using device: cuda
2025-03-04 13:56:22,646 - __main__ - WARNING - Audio file not found: C:/Users/danny/OneDrive/Documents/AI_Conversations/lucid-recall-dist/lucid-recall-dist/voice_core/models/vosk/My Voice/167-scenarios.wav
2025-03-04 13:56:22,662 - __main__ - INFO - Dataset prepared with 159 training samples and 40 validation samples
2025-03-04 13:56:37,444 - __main__ - INFO - Original mel spectrogram shape: torch.Size([159, 80, 3000])
2025-03-04 13:56:37,444 - __main__ - INFO - Final mel spectrogram shape: torch.Size([159, 80, 3000])
2025-03-04 13:56:48,121 - __main__ - INFO - Original mel spectrogram shape: torch.Size([40, 80, 3000])
2025-03-04 13:56:48,121 - __main__ - INFO - Final mel spectrogram shape: torch.Size([40, 80, 3000])
2025-03-04 13:56:48,447 - __main__ - INFO - Starting training
2025-03-04 14:00:37,476 - __main__ - INFO - Early stopping counter: 1/3
2025-03-04 14:00:42,492 - __main__ - INFO - Model saved to trained_models\final-model
2025-03-04 14:00:43,335 - __main__ - INFO - Training plot saved to trained_models\training_plot.png
